2014-01-12T05:00:40.946818+00:00 app[web.1]: 
2014-01-12T05:00:40.946818+00:00 app[web.1]: Net::SMTPAuthenticationError (530-5.5.1 Authentication Required. Learn more at
2014-01-12T05:00:40.947201+00:00 app[web.1]:   Rendered sessions/new.html.erb within layouts/application (1.4ms)
2014-01-12T05:00:40.947201+00:00 app[web.1]:   Rendered layouts/_logo.html.erb (0.3ms)
2014-01-12T05:00:40.946818+00:00 app[web.1]:   app/controllers/retrievals_controller.rb:13:in `create'
2014-01-12T05:00:40.947384+00:00 app[web.1]: Completed 302 Found in 204ms (ActiveRecord: 3.8ms)
2014-01-12T05:00:40.947384+00:00 app[web.1]: Started POST "/sessions" for 99.234.255.119 at 2014-01-12 04:54:05 +0000
2014-01-12T05:00:40.946646+00:00 app[web.1]: 
2014-01-12T05:00:40.947201+00:00 app[web.1]:   Rendered layouts/_menu.html.erb (2.5ms)
2014-01-12T05:00:40.947201+00:00 app[web.1]: Processing by SessionsController#new as HTML
2014-01-12T05:00:40.947201+00:00 app[web.1]: Started POST "/sessions" for 99.234.255.119 at 2014-01-12 04:52:52 +0000
2014-01-12T05:00:40.947201+00:00 app[web.1]:   Rendered layouts/_footer.html.erb (0.1ms)
2014-01-12T05:00:40.947733+00:00 app[web.1]: Redirected to https://projfolio.herokuapp.com/signin
2014-01-12T05:00:40.947384+00:00 app[web.1]: Started GET "/signin" for 99.234.255.119 at 2014-01-12 04:52:52 +0000
2014-01-12T05:00:40.947733+00:00 app[web.1]:   Rendered sessions/new.html.erb within layouts/application (1.1ms)
2014-01-12T05:00:40.947201+00:00 app[web.1]: Processing by SessionsController#create as HTML
2014-01-12T05:00:40.947201+00:00 app[web.1]:   Parameters: {"utf8"=>"✓", "authenticity_token"=>"2unOwYtr3KHgi4iQSlqckZcPDa8nqgduz8FxxGFlnx4=", "email"=>"minghz42@gmail.com", "password"=>"[FILTERED]", "commit"=>"Sign In"}
2014-01-12T05:00:40.947384+00:00 app[web.1]:   Rendered layouts/_logo.html.erb (0.2ms)
2014-01-12T05:00:40.947201+00:00 app[web.1]: Redirected to https://projfolio.herokuapp.com/signin
2014-01-12T05:00:40.947733+00:00 app[web.1]:   Rendered layouts/_menu.html.erb (2.3ms)
2014-01-12T05:00:40.947384+00:00 app[web.1]: Completed 200 OK in 7ms (Views: 5.3ms | ActiveRecord: 1.5ms)
2014-01-12T05:00:40.947733+00:00 app[web.1]: Completed 200 OK in 6ms (Views: 4.4ms | ActiveRecord: 1.5ms)
2014-01-12T05:00:40.947384+00:00 app[web.1]: Processing by SessionsController#new as HTML
2014-01-12T05:00:40.946818+00:00 app[web.1]: Sent mail to minghz42@gmail.com (682.7ms)
2014-01-12T05:00:40.947384+00:00 app[web.1]:   Rendered sessions/new.html.erb within layouts/application (2.4ms)
2014-01-12T05:00:40.947913+00:00 app[web.1]: Started POST "/sessions" for 99.234.255.119 at 2014-01-12 04:54:20 +0000
2014-01-12T05:00:40.947913+00:00 app[web.1]: Redirected to https://projfolio.herokuapp.com/signin
2014-01-12T05:00:40.947913+00:00 app[web.1]: Processing by SessionsController#new as HTML
2014-01-12T05:00:40.947913+00:00 app[web.1]:   Rendered layouts/_logo.html.erb (0.2ms)
2014-01-12T05:00:40.947913+00:00 app[web.1]: Started GET "/signin" for 99.234.255.119 at 2014-01-12 04:54:21 +0000
2014-01-12T05:00:40.947733+00:00 app[web.1]:   Rendered layouts/_footer.html.erb (0.2ms)
2014-01-12T05:00:40.947913+00:00 app[web.1]:   Parameters: {"utf8"=>"✓", "authenticity_token"=>"2unOwYtr3KHgi4iQSlqckZcPDa8nqgduz8FxxGFlnx4=", "email"=>"m.huazhao@gmail.com", "password"=>"[FILTERED]", "commit"=>"Sign In"}
2014-01-12T05:00:40.947384+00:00 app[web.1]:   Rendered layouts/_menu.html.erb (2.3ms)
2014-01-12T05:00:40.947733+00:00 app[web.1]:   Parameters: {"utf8"=>"✓", "authenticity_token"=>"2unOwYtr3KHgi4iQSlqckZcPDa8nqgduz8FxxGFlnx4=", "email"=>"minghz42@gmail.com", "password"=>"[FILTERED]", "commit"=>"Sign In"}
2014-01-12T05:00:40.947733+00:00 app[web.1]: Completed 302 Found in 100ms (ActiveRecord: 1.7ms)
2014-01-12T05:00:40.947384+00:00 app[web.1]:   Rendered layouts/_footer.html.erb (0.1ms)
2014-01-12T05:00:40.946818+00:00 app[web.1]:   app/models/user.rb:41:in `send_password_reset'
2014-01-12T05:00:40.947733+00:00 app[web.1]:   Rendered layouts/_logo.html.erb (0.4ms)
2014-01-12T05:00:40.948283+00:00 app[web.1]: Completed 200 OK in 9ms (Views: 4.7ms | ActiveRecord: 4.0ms)
2014-01-12T05:00:40.947384+00:00 app[web.1]: Processing by SessionsController#create as HTML
2014-01-12T05:00:40.947201+00:00 app[web.1]: Completed 200 OK in 6ms (Views: 4.6ms | ActiveRecord: 1.5ms)
2014-01-12T05:00:40.947913+00:00 app[web.1]:   Rendered layouts/_menu.html.erb (4.7ms)
2014-01-12T05:00:40.948283+00:00 app[web.1]: Started GET "/signup" for 99.234.255.119 at 2014-01-12 04:54:25 +0000
2014-01-12T05:00:40.948283+00:00 app[web.1]: Processing by UsersController#new as HTML
2014-01-12T05:00:40.948283+00:00 app[web.1]:   Rendered layouts/_logo.html.erb (0.4ms)
2014-01-12T05:00:40.947733+00:00 app[web.1]: Processing by SessionsController#new as HTML
2014-01-12T05:00:40.947733+00:00 app[web.1]: Started GET "/signin" for 99.234.255.119 at 2014-01-12 04:54:05 +0000
2014-01-12T05:00:40.948283+00:00 app[web.1]:   Rendered users/new.html.erb within layouts/application (33.7ms)
2014-01-12T05:00:40.948471+00:00 app[web.1]:   Rendered layouts/_menu.html.erb (4.3ms)
2014-01-12T05:00:40.948283+00:00 app[web.1]:   Rendered layouts/_footer.html.erb (0.0ms)
2014-01-12T05:00:40.947913+00:00 app[web.1]: Processing by SessionsController#create as HTML
2014-01-12T05:00:40.948283+00:00 app[web.1]:   Rendered layouts/_menu.html.erb (1.2ms)
2014-01-12T05:00:40.948283+00:00 app[web.1]:   Rendered layouts/_footer.html.erb (1.2ms)
2014-01-12T05:00:40.948283+00:00 app[web.1]: Completed 200 OK in 46ms (Views: 40.9ms | ActiveRecord: 2.6ms)
2014-01-12T05:00:40.948471+00:00 app[web.1]: Started POST "/users" for 99.234.255.119 at 2014-01-12 04:54:37 +0000
2014-01-12T05:00:40.948471+00:00 app[web.1]:   Rendered users/new.html.erb within layouts/application (36.8ms)
2014-01-12T05:00:40.948471+00:00 app[web.1]: Processing by UsersController#create as HTML
2014-01-12T05:00:40.947913+00:00 app[web.1]: Completed 302 Found in 157ms (ActiveRecord: 2.1ms)
2014-01-12T05:00:40.948471+00:00 app[web.1]:   Rendered shared/_error_messages.html.erb (18.3ms)
2014-01-12T05:00:40.948471+00:00 app[web.1]: Started GET "/signin" for 99.234.255.119 at 2014-01-12 04:54:42 +0000
2014-01-12T05:00:40.948838+00:00 app[web.1]: Processing by SessionsController#new as HTML
2014-01-12T05:00:40.948838+00:00 app[web.1]:   Rendered sessions/new.html.erb within layouts/application (1.2ms)
2014-01-12T05:00:40.948471+00:00 app[web.1]:   Rendered layouts/_logo.html.erb (0.8ms)
2014-01-12T05:00:40.948471+00:00 app[web.1]:   Parameters: {"utf8"=>"✓", "authenticity_token"=>"2unOwYtr3KHgi4iQSlqckZcPDa8nqgduz8FxxGFlnx4=", "user"=>{"name"=>"minghua2", "email"=>"minghz42@gmail.com", "password"=>"[FILTERED]", "password_confirmation"=>"[FILTERED]"}, "commit"=>"Create my account"}
2014-01-12T05:00:40.948838+00:00 app[web.1]: Started GET "/retrievals" for 99.234.255.119 at 2014-01-12 04:54:44 +0000
2014-01-12T05:00:40.948838+00:00 app[web.1]:   Rendered retrievals/new.html.erb within layouts/application (1.1ms)
2014-01-12T05:00:40.947913+00:00 app[web.1]:   Rendered sessions/new.html.erb within layouts/application (2.2ms)
2014-01-12T05:00:40.948838+00:00 app[web.1]: Completed 200 OK in 6ms (Views: 4.3ms | ActiveRecord: 1.6ms)
2014-01-12T05:00:40.948838+00:00 app[web.1]:   Rendered layouts/_menu.html.erb (2.4ms)
2014-01-12T05:00:40.948471+00:00 app[web.1]: Completed 200 OK in 484ms (Views: 66.7ms | ActiveRecord: 10.1ms)
2014-01-12T05:00:40.948471+00:00 app[web.1]:   Rendered layouts/_footer.html.erb (0.1ms)
2014-01-12T05:00:40.948838+00:00 app[web.1]:   Rendered layouts/_footer.html.erb (0.1ms)
2014-01-12T05:00:40.948838+00:00 app[web.1]:   Rendered layouts/_logo.html.erb (0.4ms)
2014-01-12T05:00:40.949029+00:00 app[web.1]: Completed 200 OK in 6ms (Views: 4.7ms | ActiveRecord: 1.4ms)
2014-01-12T05:00:40.949029+00:00 app[web.1]:   Rendered user_mailer/password_reset.text.erb (0.5ms)
2014-01-12T05:00:40.948283+00:00 app[web.1]:   Rendered shared/_error_messages.html.erb (1.9ms)
2014-01-12T05:00:40.949029+00:00 app[web.1]: Processing by RetrievalsController#create as HTML
2014-01-12T05:00:40.949029+00:00 app[web.1]:   Parameters: {"utf8"=>"✓", "authenticity_token"=>"2unOwYtr3KHgi4iQSlqckZcPDa8nqgduz8FxxGFlnx4=", "email"=>"minghz42@gmail.com", "commit"=>"Reset"}
2014-01-12T05:00:40.948838+00:00 app[web.1]: Processing by RetrievalsController#new as HTML
2014-01-12T05:00:40.949029+00:00 app[web.1]:   Rendered layouts/_menu.html.erb (2.1ms)
2014-01-12T05:00:40.949029+00:00 app[web.1]: Started POST "/retrievals" for 99.234.255.119 at 2014-01-12 04:54:53 +0000
2014-01-12T05:00:40.949029+00:00 app[web.1]: Completed 500 Internal Server Error in 798ms
2014-01-12T05:00:40.949029+00:00 app[web.1]: 
2014-01-12T05:00:40.949388+00:00 app[web.1]: 
2014-01-12T05:00:40.949029+00:00 app[web.1]:   Rendered layouts/_footer.html.erb (0.0ms)
2014-01-12T05:00:40.948838+00:00 app[web.1]:   Rendered layouts/_logo.html.erb (0.2ms)
2014-01-12T05:00:40.949388+00:00 app[web.1]: Started POST "/retrievals" for 99.234.255.119 at 2014-01-12 05:00:40 +0000
2014-01-12T05:00:40.949388+00:00 app[web.1]: ):
2014-01-12T05:00:40.949388+00:00 app[web.1]:   app/models/user.rb:41:in `send_password_reset'
2014-01-12T05:00:40.949388+00:00 app[web.1]: Net::SMTPAuthenticationError (530-5.5.1 Authentication Required. Learn more at
2014-01-12T05:00:40.949388+00:00 app[web.1]: 
2014-01-12T05:00:40.949029+00:00 app[web.1]: Sent mail to minghz42@gmail.com (744.5ms)
2014-01-12T05:00:40.949388+00:00 app[web.1]: 
2014-01-12T05:00:40.949553+00:00 app[web.1]: Sent mail to minghz42@gmail.com (731.6ms)
2014-01-12T05:00:40.949553+00:00 app[web.1]: Completed 500 Internal Server Error in 761ms
2014-01-12T05:00:40.999139+00:00 heroku[router]: at=info method=POST path=/retrievals host=projfolio.herokuapp.com fwd="99.234.255.119" dyno=web.1 connect=2ms service=818ms status=500 bytes=648
2014-01-12T05:00:40.949553+00:00 app[web.1]: 
2014-01-12T05:00:40.949388+00:00 app[web.1]:   app/controllers/retrievals_controller.rb:13:in `create'
2014-01-12T05:00:40.949388+00:00 app[web.1]:   Parameters: {"utf8"=>"✓", "authenticity_token"=>"2unOwYtr3KHgi4iQSlqckZcPDa8nqgduz8FxxGFlnx4=", "email"=>"minghz42@gmail.com", "commit"=>"Reset"}
2014-01-12T05:00:40.949388+00:00 app[web.1]: Processing by RetrievalsController#create as HTML
2014-01-12T05:00:40.949553+00:00 app[web.1]:   Rendered user_mailer/password_reset.text.erb (0.4ms)
